<?xml version="1.0" encoding="UTF-8"?>
<!-- Generated by org.testng.reporters.JUnitReportReporter -->
<testsuite hostname="user" failures="0" tests="2" name="com.firstframework.hamneet.Tests.AutomationTestingPracticeTest" time="9.539" errors="0" timestamp="2024-05-04T12:07:41 MDT" skipped="0">
  <testcase classname="com.firstframework.hamneet.Tests.AutomationTestingPracticeTest" name="validateDragAndDropFunctionality" time="6.144"/>
  <system-out/>
  <testcase classname="com.firstframework.hamneet.Tests.AutomationTestingPracticeTest" name="validateDatePickerFunctionality" time="3.395"/>
  <system-out/>
</testsuite> <!-- com.firstframework.hamneet.Tests.AutomationTestingPracticeTest -->
