<?xml version="1.0" encoding="UTF-8"?>
<!-- Generated by org.testng.reporters.JUnitReportReporter -->
<testsuite hostname="user" failures="0" tests="2" name="com.firstframework.hamneet.Tests.OrangeHRMTest" time="18.140" errors="0" timestamp="2024-05-04T22:06:19 MDT" skipped="0">
  <testcase classname="com.firstframework.hamneet.Tests.OrangeHRMTest" name="validateDragAndDropFunctionality" time="4.414"/>
  <system-out/>
  <testcase classname="com.firstframework.hamneet.Tests.OrangeHRMTest" name="testLoginUsingValidCredentials" time="13.726"/>
  <system-out/>
</testsuite> <!-- com.firstframework.hamneet.Tests.OrangeHRMTest -->
